2026-03-28 19:44:06,025 - INFO - ETL process started
2026-03-28 19:44:06,152 - INFO - Connected to database
2026-03-28 19:45:09,658 - INFO - Extracted rows: 120000
2026-03-28 19:45:09,800 - INFO - Clean rows: 83793
2026-03-28 19:45:42,624 - INFO - ETL SUCCESS
2026-03-29 17:41:28,674 - INFO - ETL process started
2026-03-29 17:41:28,824 - INFO - Connected to database
2026-03-29 17:41:30,079 - INFO - Extracted rows: 120000
2026-03-29 17:41:30,233 - INFO - Clean rows: 83793
2026-03-29 17:41:59,345 - INFO - ETL SUCCESS
2026-03-30 12:00:28,408 - INFO - ETL process started
2026-03-30 12:00:28,595 - INFO - Connected to database
2026-03-30 12:00:29,609 - INFO - Extracted rows: 120000
2026-03-30 12:00:29,759 - INFO - Clean rows: 83793
2026-03-30 12:01:03,964 - INFO - ETL SUCCESS
2026-03-30 19:35:00,735 - INFO - ETL process started
2026-03-30 19:35:00,937 - INFO - Connected to database
2026-03-30 19:35:23,925 - INFO - Extracted rows: 120000
2026-03-30 19:35:24,062 - INFO - Clean rows: 83793
2026-03-30 19:36:08,832 - INFO - ETL SUCCESS
